Exporter version: 5.4.0, Blender version: 2.78 (sub 0)
========= Conversion from Blender to Babylon.js =========
	Scene settings used:
		selected layers only:  false
		flat shading entire scene:  false
		inline textures:  false
		texture directory:  C:\Users\Starfeesh.DESKTOP-QKGK50Q\Documents\Projects\Babylon test\test1\scenes\
	Python World class constructor completed
	WARNING: No active camera has been assigned, or is not in a currently selected Blender layer
	processing begun of mesh:  Mali
		processing begun of Standard material:  Material.001
		num positions      :  42722
		num normals        :  42722
		num uvs            :  85444
		num uvs2           :  0
		num colors         :  0
		num indices        :  185874
		WARNING: # of 0 area faces found:  149
========= Writing of scene file started =========
========= Writing of scene file completed =========
========= end of processing =========
elapsed time:  0 min, 10.7586 secs
